c:\users\__sherlock\documents\visual studio 2015\projects\drawonimg\consoleapplication15\x64\debug\vc140.pdb
c:\users\__sherlock\documents\visual studio 2015\projects\drawonimg\consoleapplication15\x64\debug\vc140.idb
c:\users\__sherlock\documents\visual studio 2015\projects\drawonimg\consoleapplication15\x64\debug\source.obj
d:\3-2\gsoc'17\drawonimg\consoleapplication15\x64\debug\vc140.pdb
d:\3-2\gsoc'17\drawonimg\consoleapplication15\x64\debug\vc140.idb
d:\3-2\gsoc'17\drawonimg\consoleapplication15\x64\debug\source.obj
c:\users\__sherlock\documents\visual studio 2015\projects\drawonimg\x64\debug\consoleapplication15.lib
c:\users\__sherlock\documents\visual studio 2015\projects\drawonimg\x64\debug\consoleapplication15.exp
d:\3-2\gsoc'17\drawonimg\x64\debug\consoleapplication15.lib
d:\3-2\gsoc'17\drawonimg\x64\debug\consoleapplication15.exp
c:\users\__sherlock\documents\visual studio 2015\projects\drawonimg\x64\debug\consoleapplication15.ilk
c:\users\__sherlock\documents\visual studio 2015\projects\drawonimg\x64\debug\consoleapplication15.dll
c:\users\__sherlock\documents\visual studio 2015\projects\drawonimg\x64\debug\consoleapplication15.pdb
d:\3-2\gsoc'17\drawonimg\x64\debug\consoleapplication15.ilk
d:\3-2\gsoc'17\drawonimg\x64\debug\consoleapplication15.dll
d:\3-2\gsoc'17\drawonimg\x64\debug\consoleapplication15.pdb
d:\3-2\gsoc'17\drawonimg\consoleapplication15\x64\debug\consolea.af101042.tlog\cl.command.1.tlog
d:\3-2\gsoc'17\drawonimg\consoleapplication15\x64\debug\consolea.af101042.tlog\cl.read.1.tlog
d:\3-2\gsoc'17\drawonimg\consoleapplication15\x64\debug\consolea.af101042.tlog\cl.write.1.tlog
d:\3-2\gsoc'17\drawonimg\consoleapplication15\x64\debug\consolea.af101042.tlog\consoleapplication15.write.1u.tlog
d:\3-2\gsoc'17\drawonimg\consoleapplication15\x64\debug\consolea.af101042.tlog\link.command.1.tlog
d:\3-2\gsoc'17\drawonimg\consoleapplication15\x64\debug\consolea.af101042.tlog\link.read.1.tlog
d:\3-2\gsoc'17\drawonimg\consoleapplication15\x64\debug\consolea.af101042.tlog\link.write.1.tlog
